TN:
SF:src\api\axiosConfig.js
FN:18,(anonymous_0)
FN:19,(anonymous_1)
FN:29,(anonymous_2)
FN:32,(anonymous_3)
FN:39,(anonymous_4)
FN:46,(anonymous_5)
FN:49,(anonymous_6)
FN:57,(anonymous_7)
FN:60,(anonymous_8)
FN:64,(anonymous_9)
FN:71,(anonymous_10)
FNF:11
FNH:1
FNDA:0,(anonymous_0)
FNDA:0,(anonymous_1)
FNDA:8,(anonymous_2)
FNDA:0,(anonymous_3)
FNDA:0,(anonymous_4)
FNDA:0,(anonymous_5)
FNDA:0,(anonymous_6)
FNDA:0,(anonymous_7)
FNDA:0,(anonymous_8)
FNDA:0,(anonymous_9)
FNDA:0,(anonymous_10)
DA:6,5
DA:8,5
DA:15,5
DA:16,5
DA:18,5
DA:19,0
DA:20,0
DA:21,0
DA:23,0
DA:26,0
DA:29,5
DA:31,8
DA:33,0
DA:34,0
DA:35,0
DA:37,0
DA:40,0
DA:45,8
DA:47,0
DA:50,0
DA:53,0
DA:54,0
DA:56,0
DA:57,0
DA:58,0
DA:61,0
DA:62,0
DA:65,0
DA:69,0
DA:71,0
DA:72,0
DA:73,0
DA:74,0
DA:75,0
DA:76,0
DA:77,0
DA:80,0
DA:84,0
DA:86,0
DA:87,0
DA:88,0
DA:91,0
DA:92,0
DA:93,0
DA:95,0
DA:96,0
DA:97,0
DA:98,0
DA:99,0
DA:101,0
DA:106,0
LF:51
LH:8
BRDA:18,0,0,0
BRDA:20,1,0,0
BRDA:20,1,1,0
BRDA:34,2,0,0
BRDA:34,2,1,0
BRDA:53,3,0,0
BRDA:53,3,1,0
BRDA:53,4,0,0
BRDA:53,4,1,0
BRDA:53,4,2,0
BRDA:56,5,0,0
BRDA:56,5,1,0
BRDA:74,6,0,0
BRDA:74,6,1,0
BRDA:87,7,0,0
BRDA:87,7,1,0
BRF:16
BRH:0
end_of_record
TN:
SF:src\redux\slice\ReviewSlice.js
FN:13,(anonymous_0)
FN:29,(anonymous_1)
FN:54,(anonymous_2)
FN:60,(anonymous_3)
FN:63,(anonymous_4)
FN:67,(anonymous_5)
FN:71,(anonymous_6)
FN:77,(anonymous_7)
FN:80,(anonymous_8)
FN:84,(anonymous_9)
FNF:10
FNH:10
FNDA:2,(anonymous_0)
FNDA:2,(anonymous_1)
FNDA:1,(anonymous_2)
FNDA:1,(anonymous_3)
FNDA:3,(anonymous_4)
FNDA:1,(anonymous_5)
FNDA:1,(anonymous_6)
FNDA:3,(anonymous_7)
FNDA:1,(anonymous_8)
FNDA:1,(anonymous_9)
DA:11,1
DA:14,2
DA:15,2
DA:16,1
DA:18,1
DA:19,1
DA:27,1
DA:30,2
DA:31,2
DA:32,1
DA:34,1
DA:35,1
DA:41,1
DA:49,1
DA:55,1
DA:56,1
DA:57,1
DA:61,1
DA:64,3
DA:65,3
DA:68,1
DA:69,1
DA:72,1
DA:73,1
DA:78,3
DA:81,1
DA:82,1
DA:85,1
DA:86,1
DA:91,1
LF:30
LH:30
BRDA:18,0,0,1
BRDA:18,0,1,0
BRDA:34,1,0,1
BRDA:34,1,1,0
BRF:4
BRH:2
end_of_record
TN:
SF:src\redux\slice\authSlice.js
FN:8,(anonymous_0)
FN:21,(anonymous_1)
FN:41,(anonymous_2)
FN:48,(anonymous_3)
FN:55,(anonymous_4)
FN:58,(anonymous_5)
FN:62,(anonymous_6)
FN:68,(anonymous_7)
FN:76,(anonymous_8)
FN:80,(anonymous_9)
FN:83,(anonymous_10)
FNF:11
FNH:11
FNDA:2,(anonymous_0)
FNDA:2,(anonymous_1)
FNDA:1,(anonymous_2)
FNDA:1,(anonymous_3)
FNDA:2,(anonymous_4)
FNDA:2,(anonymous_5)
FNDA:1,(anonymous_6)
FNDA:1,(anonymous_7)
FNDA:2,(anonymous_8)
FNDA:1,(anonymous_9)
FNDA:1,(anonymous_10)
DA:6,6
DA:9,2
DA:10,2
DA:11,1
DA:13,1
DA:19,6
DA:22,2
DA:23,2
DA:24,1
DA:26,1
DA:31,6
DA:42,1
DA:43,1
DA:44,1
DA:45,1
DA:46,1
DA:49,1
DA:50,1
DA:51,1
DA:52,1
DA:56,2
DA:59,2
DA:60,2
DA:63,1
DA:64,1
DA:65,1
DA:66,1
DA:69,1
DA:70,1
DA:71,1
DA:72,1
DA:73,1
DA:77,2
DA:78,2
DA:81,1
DA:84,1
DA:85,1
DA:90,6
LF:38
LH:38
BRDA:13,0,0,1
BRDA:13,0,1,0
BRDA:26,1,0,1
BRDA:26,1,1,0
BRDA:43,2,0,1
BRDA:43,2,1,0
BRDA:44,3,0,1
BRDA:44,3,1,0
BRF:8
BRH:4
end_of_record
TN:
SF:src\redux\slice\cartSlice.js
FN:12,(anonymous_0)
FN:24,(anonymous_1)
FN:41,(anonymous_2)
FN:54,(anonymous_3)
FN:56,(anonymous_4)
FN:61,(anonymous_5)
FN:72,(anonymous_6)
FN:74,(anonymous_7)
FN:83,(anonymous_8)
FN:107,(anonymous_9)
FN:114,(anonymous_10)
FN:120,(anonymous_11)
FN:122,(anonymous_12)
FN:123,(anonymous_13)
FN:127,(anonymous_14)
FN:135,(anonymous_15)
FN:137,(anonymous_16)
FN:143,(anonymous_17)
FN:157,(anonymous_18)
FN:161,(anonymous_19)
FN:164,(anonymous_20)
FN:171,(anonymous_21)
FN:173,(anonymous_22)
FN:181,(anonymous_23)
FN:183,(anonymous_24)
FNF:25
FNH:25
FNDA:7,(anonymous_0)
FNDA:2,(anonymous_1)
FNDA:3,(anonymous_2)
FNDA:2,(anonymous_3)
FNDA:2,(anonymous_4)
FNDA:1,(anonymous_5)
FNDA:3,(anonymous_6)
FNDA:3,(anonymous_7)
FNDA:1,(anonymous_8)
FNDA:1,(anonymous_9)
FNDA:1,(anonymous_10)
FNDA:1,(anonymous_11)
FNDA:8,(anonymous_12)
FNDA:1,(anonymous_13)
FNDA:6,(anonymous_14)
FNDA:1,(anonymous_15)
FNDA:1,(anonymous_16)
FNDA:1,(anonymous_17)
FNDA:3,(anonymous_18)
FNDA:1,(anonymous_19)
FNDA:1,(anonymous_20)
FNDA:2,(anonymous_21)
FNDA:2,(anonymous_22)
FNDA:3,(anonymous_23)
FNDA:2,(anonymous_24)
DA:10,2
DA:13,7
DA:14,7
DA:15,6
DA:17,1
DA:22,2
DA:25,2
DA:27,2
DA:29,1
DA:31,1
DA:34,1
DA:39,2
DA:42,3
DA:43,3
DA:44,2
DA:45,2
DA:47,1
DA:52,2
DA:55,2
DA:56,2
DA:57,2
DA:59,2
DA:61,2
DA:62,1
DA:63,1
DA:66,2
DA:70,2
DA:73,3
DA:74,3
DA:75,3
DA:77,3
DA:79,3
DA:80,1
DA:83,2
DA:84,1
DA:85,1
DA:88,2
DA:93,2
DA:108,1
DA:109,1
DA:110,1
DA:111,1
DA:115,1
DA:116,1
DA:121,1
DA:122,8
DA:124,1
DA:125,1
DA:128,6
DA:129,6
DA:130,6
DA:131,6
DA:132,6
DA:134,6
DA:135,1
DA:136,1
DA:137,1
DA:143,1
DA:144,1
DA:145,1
DA:150,6
DA:151,6
DA:152,6
DA:153,6
DA:158,3
DA:159,3
DA:162,1
DA:165,1
DA:166,1
DA:172,2
DA:173,2
DA:174,2
DA:175,2
DA:176,2
DA:177,2
DA:178,2
DA:182,3
DA:183,3
DA:184,3
DA:185,2
DA:186,2
DA:187,2
DA:188,2
DA:195,2
LF:84
LH:84
BRDA:17,0,0,1
BRDA:17,0,1,0
BRDA:34,1,0,1
BRDA:34,1,1,0
BRDA:47,2,0,1
BRDA:47,2,1,0
BRDA:57,3,0,0
BRDA:57,3,1,2
BRDA:75,4,0,0
BRDA:75,4,1,3
BRDA:79,5,0,1
BRDA:79,5,1,2
BRDA:134,6,0,1
BRDA:134,6,1,5
BRDA:136,7,0,1
BRDA:136,7,1,0
BRDA:140,8,0,1
BRDA:140,8,1,0
BRDA:141,9,0,1
BRDA:141,9,1,0
BRDA:153,10,0,6
BRDA:153,10,1,0
BRDA:174,11,0,2
BRDA:174,11,1,0
BRDA:184,12,0,2
BRDA:184,12,1,1
BRF:26
BRH:16
end_of_record
TN:
SF:src\redux\slice\menuSlice.js
FN:7,(anonymous_0)
FN:25,(anonymous_1)
FN:27,(anonymous_2)
FN:30,(anonymous_3)
FN:33,(anonymous_4)
FN:50,(anonymous_5)
FNF:6
FNH:6
FNDA:3,(anonymous_0)
FNDA:1,(anonymous_1)
FNDA:4,(anonymous_2)
FNDA:1,(anonymous_3)
FNDA:1,(anonymous_4)
FNDA:2,(anonymous_5)
DA:5,1
DA:8,3
DA:9,3
DA:10,1
DA:12,2
DA:17,1
DA:26,1
DA:28,4
DA:31,1
DA:33,1
DA:51,2
DA:52,2
LF:12
LH:12
BRDA:12,0,0,2
BRDA:12,0,1,1
BRF:2
BRH:2
end_of_record
TN:
SF:src\redux\slice\modalSlice.js
FN:11,(anonymous_0)
FN:17,(anonymous_1)
FNF:2
FNH:2
FNDA:2,(anonymous_0)
FNDA:1,(anonymous_1)
DA:3,1
DA:12,2
DA:13,2
DA:14,2
DA:15,2
DA:18,1
DA:19,1
DA:20,1
DA:25,1
LF:9
LH:9
BRDA:12,0,0,1
BRF:1
BRH:1
end_of_record
TN:
SF:src\redux\slice\orderSlice.js
FN:12,(anonymous_0)
FN:28,(anonymous_1)
FN:41,(anonymous_2)
FN:68,(anonymous_3)
FN:75,(anonymous_4)
FN:78,(anonymous_5)
FN:79,(anonymous_6)
FN:84,(anonymous_7)
FN:89,(anonymous_8)
FN:90,(anonymous_9)
FN:95,(anonymous_10)
FN:100,(anonymous_11)
FN:101,(anonymous_12)
FN:105,(anonymous_13)
FNF:14
FNH:14
FNDA:2,(anonymous_0)
FNDA:2,(anonymous_1)
FNDA:2,(anonymous_2)
FNDA:1,(anonymous_3)
FNDA:1,(anonymous_4)
FNDA:3,(anonymous_5)
FNDA:1,(anonymous_6)
FNDA:1,(anonymous_7)
FNDA:3,(anonymous_8)
FNDA:1,(anonymous_9)
FNDA:1,(anonymous_10)
FNDA:3,(anonymous_11)
FNDA:1,(anonymous_12)
FNDA:1,(anonymous_13)
DA:10,1
DA:13,2
DA:14,2
DA:16,1
DA:19,1
DA:20,1
DA:26,1
DA:29,2
DA:30,2
DA:31,1
DA:33,1
DA:39,1
DA:42,2
DA:43,2
DA:44,1
DA:45,1
DA:48,1
DA:49,1
DA:54,1
DA:64,1
DA:69,1
DA:70,1
DA:71,1
DA:72,1
DA:76,1
DA:78,3
DA:80,1
DA:81,1
DA:82,1
DA:85,1
DA:86,1
DA:89,3
DA:91,1
DA:92,1
DA:93,1
DA:96,1
DA:97,1
DA:100,3
DA:102,1
DA:103,1
DA:106,1
DA:107,1
DA:112,1
LF:43
LH:43
BRDA:19,0,0,1
BRDA:19,0,1,0
BRDA:33,1,0,1
BRDA:33,1,1,0
BRDA:48,2,0,1
BRDA:48,2,1,0
BRF:6
BRH:3
end_of_record
TN:
SF:src\redux\slice\userSlice.js
FN:6,(anonymous_0)
FN:18,(anonymous_1)
FN:30,(anonymous_2)
FN:52,(anonymous_3)
FN:54,(anonymous_4)
FN:58,(anonymous_5)
FN:62,(anonymous_6)
FN:67,(anonymous_7)
FN:71,(anonymous_8)
FN:75,(anonymous_9)
FN:79,(anonymous_10)
FN:83,(anonymous_11)
FN:87,(anonymous_12)
FNF:13
FNH:13
FNDA:2,(anonymous_0)
FNDA:2,(anonymous_1)
FNDA:2,(anonymous_2)
FNDA:1,(anonymous_3)
FNDA:3,(anonymous_4)
FNDA:1,(anonymous_5)
FNDA:1,(anonymous_6)
FNDA:3,(anonymous_7)
FNDA:1,(anonymous_8)
FNDA:1,(anonymous_9)
FNDA:3,(anonymous_10)
FNDA:1,(anonymous_11)
FNDA:1,(anonymous_12)
DA:4,1
DA:7,2
DA:8,2
DA:9,1
DA:11,1
DA:16,1
DA:19,2
DA:20,2
DA:21,1
DA:23,1
DA:28,1
DA:31,2
DA:32,2
DA:33,1
DA:35,1
DA:40,1
DA:53,1
DA:55,3
DA:56,3
DA:59,1
DA:60,1
DA:63,1
DA:64,1
DA:65,1
DA:68,3
DA:69,3
DA:72,1
DA:73,1
DA:76,1
DA:77,1
DA:80,3
DA:81,3
DA:84,1
DA:85,1
DA:88,1
DA:89,1
LF:36
LH:36
BRDA:11,0,0,1
BRDA:11,0,1,0
BRDA:23,1,0,1
BRDA:23,1,1,0
BRDA:35,2,0,1
BRDA:35,2,1,0
BRF:6
BRH:3
end_of_record
